<?xml version="1.0" encoding="UTF-8"?>
<!-- Generated by org.testng.reporters.JUnitReportReporter -->
<testsuite hostname="DESKTOP-64PFNNP" failures="0" tests="1" name="edit.EducacionIT23082022.laboratorio13" time="0.004" errors="0" timestamp="2022-09-20T21:12:00 ART" skipped="0">
  <testcase classname="edit.EducacionIT23082022.laboratorio13" name="test1" time="0.004"/>
  <system-out/>
</testsuite> <!-- edit.EducacionIT23082022.laboratorio13 -->
