<?xml version="1.0" encoding="UTF-8"?>
<!-- Generated by org.testng.reporters.JUnitReportReporter -->
<testsuite hostname="DESKTOP-64PFNNP" failures="0" tests="1" name="edit.EducacionIT23082022.Laboratorio4" time="18.119" errors="0" timestamp="2022-09-13T21:38:47 ART" skipped="0">
  <testcase classname="edit.EducacionIT23082022.Laboratorio4" name="registrarUsuario" time="18.119"/>
  <system-out/>
</testsuite> <!-- edit.EducacionIT23082022.Laboratorio4 -->
