<?xml version="1.0" encoding="UTF-8"?>
<!-- Generated by org.testng.reporters.JUnitReportReporter -->
<testsuite hostname="DESKTOP-64PFNNP" failures="0" tests="1" name="edit.EducacionIT23082022.Laboratorio8" time="0.069" errors="0" timestamp="2022-09-15T20:46:18 ART" skipped="0">
  <testcase classname="edit.EducacionIT23082022.Laboratorio8" name="alerta4" time="0.069"/>
  <system-out/>
</testsuite> <!-- edit.EducacionIT23082022.Laboratorio8 -->
