<?xml version="1.0" encoding="UTF-8"?>
<!-- Generated by org.testng.reporters.JUnitReportReporter -->
<testsuite hostname="DESKTOP-64PFNNP" failures="0" tests="1" name="edit.EducacionIT23082022.laboratorio12" time="0.108" errors="0" timestamp="2022-09-20T21:03:32 ART" skipped="0">
  <testcase classname="edit.EducacionIT23082022.laboratorio12" name="ImprimirValoresTabla" time="0.108"/>
  <system-out/>
</testsuite> <!-- edit.EducacionIT23082022.laboratorio12 -->
